2019-4-23 14:21:26 main INFO The following profiles are active: dev
2019-4-23 14:21:44 main DEBUG ==>  Preparing: SELECT * FROM sec_menu sm where deleted=0 AND sm.STANBY_ID1 = '2' ORDER BY SORT 
2019-4-23 14:21:44 main DEBUG ==> Parameters: 
2019-4-23 14:21:44 main DEBUG <==      Total: 48
2019-4-23 14:21:51 localhost-startStop-1 INFO JedisPoolÊ≥®ÂÖ•ÊàêÂäüÔºÅÔºÅ
2019-4-23 14:21:51 localhost-startStop-1 INFO redisÂú∞ÂùÄÔºölocalhost:6379
2019-4-23 14:22:02 main INFO Started BaseFrameApplication in 46.471 seconds (JVM running for 50.152)
2019-4-23 14:22:21 http-nio-8081-exec-1 DEBUG ==>  Preparing: SELECT * FROM sec_user WHERE DELETED=0 AND ACCOUNT = ? 
2019-4-23 14:22:21 http-nio-8081-exec-1 DEBUG ==> Parameters: admin(String)
2019-4-23 14:22:21 http-nio-8081-exec-1 DEBUG <==      Total: 1
2019-4-23 14:22:21 http-nio-8081-exec-1 DEBUG ==>  Preparing: SELECT sec_menu.URL FROM sec_menu WHERE DELETED = 0 AND MENU_TYPE = 2 AND ID_ IN ( SELECT MENU_ID from sec_menu_member WHERE USER_ID =? UNION SELECT MENU_ID FROM sec_menu_role WHERE ROLE_ID IN ( SELECT ROLE_ID FROM sec_role_member m LEFT JOIN sec_role r ON m.ROLE_ID = r.ID_ WHERE m.USER_ID =? ) UNION SELECT o.MENU_ID FROM sec_menu_org o LEFT JOIN sec_user u ON o.ORG_ID = u.ORG_ID WHERE u.ID_ = ? ) 
2019-4-23 14:22:21 http-nio-8081-exec-1 DEBUG ==> Parameters: 1(String), 1(String), 1(String)
2019-4-23 14:22:21 http-nio-8081-exec-1 DEBUG <==      Total: 20
2019-4-23 14:22:21 http-nio-8081-exec-1 DEBUG ==>  Preparing: INSERT INTO login_log ( log_id,user_id,user_name,account_type,login_type,login_ip,login_time,user_account,success ) VALUES( ?,?,?,?,?,?,?,?,? ) 
2019-4-23 14:22:21 http-nio-8081-exec-1 DEBUG ==> Parameters: f91af25e-76a4-464f-894c-fc94da4e15c4(String), 1(String), admin(String), ÁÆ°ÁêÜÂëò(String), ÁÆ°ÁêÜÁ´Ø(String), 0:0:0:0:0:0:0:1(String), 2019-04-23 14:22:21.463(Timestamp), admin(String), ÊòØ(String)
2019-4-23 14:22:21 http-nio-8081-exec-1 DEBUG <==    Updates: 1
2019-4-23 14:22:22 http-nio-8081-exec-2 DEBUG ==>  Preparing: SELECT * FROM sec_menu WHERE DELETED = 0 AND ENABLED=1 AND STANBY_ID1='2' AND ID_ IN ( SELECT MENU_ID from sec_menu_member WHERE USER_ID =? UNION SELECT MENU_ID FROM sec_menu_role WHERE ROLE_ID IN ( SELECT ROLE_ID FROM sec_role_member m LEFT JOIN sec_role r ON m.ROLE_ID = r.ID_ WHERE m.USER_ID =? AND r.STATE=1 ) UNION SELECT o.MENU_ID FROM sec_menu_org o LEFT JOIN sec_user u ON o.ORG_ID = u.ORG_ID LEFT JOIN sec_org so ON so.ID_ = u.ORG_ID WHERE u.ID_ = ? AND so.STATE=1 ) ORDER BY sort 
2019-4-23 14:22:22 http-nio-8081-exec-2 DEBUG ==> Parameters: 1(String), 1(String), 1(String)
2019-4-23 14:22:22 http-nio-8081-exec-2 DEBUG <==      Total: 26
2019-4-23 14:22:22 http-nio-8081-exec-3 DEBUG ==>  Preparing: select * from sec_menu where ID_='062af654-9c05-4112-b8d8-35' limit 1 
2019-4-23 14:22:22 http-nio-8081-exec-3 DEBUG ==> Parameters: 
2019-4-23 14:22:22 http-nio-8081-exec-3 DEBUG <==      Total: 1
2019-4-23 14:22:22 http-nio-8081-exec-4 DEBUG ==>  Preparing: select count(*) from yy_manage where date_format(yy_date,'%Y-%m-%d') = date_format(now(),'%Y-%m-%d') 
2019-4-23 14:22:22 http-nio-8081-exec-4 DEBUG ==> Parameters: 
2019-4-23 14:22:23 http-nio-8081-exec-6 DEBUG ==>  Preparing: select DISTINCT u.USER_NAME,IFNULL(a.days,0) as days,IFNULL(b.weeks,0) as weeks,IFNULL(c.months,0) as months,IFNULL(d.montha,0) as montha,IFNULL(e.weeka,0) as weeka,IFNULL(f.daya,0) as daya from sec_user u LEFT JOIN ( select count(*) as days,s1.USER_NAME from yy_manage y LEFT JOIN customer o ON y.yy_cust_id=o.cust_id LEFT JOIN sec_user s1 ON y.yy_doctor=s1.ID_ where to_days(y.yy_date) = to_days(now()) and y.yy_date>o.create_time GROUP BY s1.USER_NAME) a on a.USER_NAME = u.USER_NAME LEFT JOIN ( select count(*) as weeks,s1.USER_NAME from yy_manage y LEFT JOIN customer o ON y.yy_cust_id=o.cust_id LEFT JOIN sec_user s1 ON y.yy_doctor=s1.ID_ where YEARWEEK(date_format(y.yy_date,'%Y-%m-%d')) = YEARWEEK(now()) and y.yy_date>o.create_time GROUP BY s1.USER_NAME )b on b.USER_NAME = u.USER_NAME LEFT JOIN ( select count(*) as months ,s1.USER_NAME from yy_manage y LEFT JOIN customer o ON y.yy_cust_id=o.cust_id LEFT JOIN sec_user s1 ON y.yy_doctor=s1.ID_ where DATE_FORMAT( y.yy_date, '%Y%m' ) = DATE_FORMAT( CURDATE( ) ,'%Y%m' ) and y.yy_date>o.create_time GROUP BY s1.USER_NAME ) c on c.USER_NAME = u.USER_NAME LEFT JOIN( select count(*) as montha ,s1.USER_NAME from customer c LEFT JOIN sec_user s1 ON c.early_doctor=s1.ID_ where DATE_FORMAT( c.create_time, '%Y%m' ) = DATE_FORMAT( CURDATE( ) ,'%Y%m') GROUP BY s1.USER_NAME )d on d.USER_NAME = u.USER_NAME LEFT JOIN( select count(*) as weeka ,s1.USER_NAME from customer c LEFT JOIN sec_user s1 ON c.early_doctor=s1.ID_ where YEARWEEK(date_format(c.create_time,'%Y-%m-%d')) = YEARWEEK(now()) GROUP BY s1.USER_NAME )e on e.USER_NAME = u.USER_NAME LEFT JOIN( select count(*) as daya ,s1.USER_NAME from customer c LEFT JOIN sec_user s1 ON c.early_doctor=s1.ID_ where to_days(c.create_time) = to_days(now()) GROUP BY s1.USER_NAME )f on f.USER_NAME = u.USER_NAME where u.STANDBY1='ÂåªÁîü' and u.DELETED=0 and u.STATUS='ÂêØÁî®' ORDER BY montha desc 
2019-4-23 14:22:23 http-nio-8081-exec-6 DEBUG ==> Parameters: 
2019-4-23 14:22:23 http-nio-8081-exec-4 DEBUG <==      Total: 1
2019-4-23 14:22:23 http-nio-8081-exec-4 DEBUG ==>  Preparing: select sum(sf_money) from cust_sfjl where date_format(create_time,'%Y-%m-%d') = date_format(now(),'%Y-%m-%d') and sf_stat = 'Â∑≤Êî∂Ë¥π' 
2019-4-23 14:22:23 http-nio-8081-exec-4 DEBUG ==> Parameters: 
2019-4-23 14:22:23 http-nio-8081-exec-4 DEBUG <==      Total: 1
2019-4-23 14:22:23 http-nio-8081-exec-6 DEBUG <==      Total: 6
2019-4-23 14:22:23 http-nio-8081-exec-7 DEBUG ==>  Preparing: SELECT a.*,b.* from (SELECT SUM(sf_money) as monDM,SUM(sf_money)-SUM(arrears) as monSM from cust_sfjl where DATE_FORMAT( create_time, '%Y%m' ) = DATE_FORMAT( CURDATE( ) ,'%Y%m') and deleted = 0)a,( SELECT IFNULL(SUM(sf_money),0) as dayDM,IFNULL(SUM(sf_money)-SUM(arrears),0) as daySM from cust_sfjl where to_days(now())-to_days(create_time) = 1 and deleted = 0)b limit 1 
2019-4-23 14:22:23 http-nio-8081-exec-7 DEBUG ==> Parameters: 
2019-4-23 14:22:23 http-nio-8081-exec-5 DEBUG ==>  Preparing: select b.ORG_NAME,case when a.num is null then 0 else a.num end NUM from sec_org b left join (select yy_clinic,count(*) num from yy_manage where date_format(yy_date,'%Y-%m-%d') = date_format(now(),'%Y-%m-%d') group by yy_clinic) a on a.yy_clinic = b.ID_ where b.type ='Èó®ËØä' and b.DELETED = 0 order by a.num desc 
2019-4-23 14:22:23 http-nio-8081-exec-5 DEBUG ==> Parameters: 
2019-4-23 14:22:23 http-nio-8081-exec-5 DEBUG <==      Total: 2
2019-4-23 14:22:23 http-nio-8081-exec-7 DEBUG <==      Total: 1
2019-4-23 14:22:23 http-nio-8081-exec-5 DEBUG ==>  Preparing: select b.ORG_NAME,case when a.num is null then 0 else a.num end NUM from sec_org b left join (select yy_clinic,count(*) num from yy_manage where date_format(yy_date,'%Y-%m-%d') >= date_format(?,'%Y-%m-%d') and date_format(?,'%Y-%m-%d') >= date_format(yy_date,'%Y-%m-%d') group by yy_clinic) a on a.yy_clinic = b.ID_ where b.type = 'Èó®ËØä' and b.DELETED = 0 order by a.num desc 
2019-4-23 14:22:23 http-nio-8081-exec-5 DEBUG ==> Parameters: 2019-04-01(String), 2019-04-30(String)
2019-4-23 14:22:23 http-nio-8081-exec-5 DEBUG <==      Total: 2
2019-4-23 14:22:23 http-nio-8081-exec-9 DEBUG ==>  Preparing: SELECT count(0) FROM `stock_in_out_de` WHERE TO_DAYS(end_time) - TO_DAYS(NOW()) <= 90 AND clinic_id != '122' 
2019-4-23 14:22:23 http-nio-8081-exec-9 DEBUG ==> Parameters: 
2019-4-23 14:22:23 http-nio-8081-exec-9 DEBUG <==      Total: 1
2019-4-23 14:22:23 http-nio-8081-exec-8 DEBUG ==>  Preparing: SELECT count(0) FROM (SELECT t.* FROM (SELECT a.in_out_id, a.in_out_code, a.in_out_time, a.type, a.creator_id, a.creator, a.num, a.money, a.state, a.clinic_id, b.org_name FROM stock_in_out a, sec_org b WHERE a.clinic_id = b.id_ AND a.type != 'È¢ÜÁî®' AND a.type != 'ÈÄÄÈ¢Ü') t) b LEFT JOIN stock_audit c ON b.in_out_id = c.in_out_id WHERE c.is_pass IS NULL OR b.state = 0.5 
2019-4-23 14:22:23 http-nio-8081-exec-8 DEBUG ==> Parameters: 
2019-4-23 14:22:23 http-nio-8081-exec-8 DEBUG <==      Total: 1
2019-4-23 14:22:23 http-nio-8081-exec-8 DEBUG ==>  Preparing: select b.in_out_id,b.in_out_code,b.in_out_time,b.type,b.creator_id,b.creator,b.num,b.money,b.clinic_id,b.org_name,c.user_name,c.audit_time,c.remark ,case when b.state = 0.5 then 'Â∑≤ÂèëÈÄÅ' when c.is_pass is null then 'Êú™ÂÆ°Ê†∏' end state from ( select t.* from ( select a.in_out_id,a.in_out_code,a.in_out_time,a.type,a.creator_id,a.creator,a.num,a.money,a.state,a.clinic_id,b.org_name from stock_in_out a,sec_org b where a.clinic_id = b.id_ and a.type != 'È¢ÜÁî®' and a.type != 'ÈÄÄÈ¢Ü' order by a.state,a.in_out_time desc) t ) b left join stock_audit c on b.in_out_id = c.in_out_id where c.is_pass is null or b.state = 0.5 order by b.in_out_time desc,b.state limit ?,? 
2019-4-23 14:22:23 http-nio-8081-exec-8 DEBUG ==> Parameters: 0(Integer), 10(Integer)
2019-4-23 14:22:23 http-nio-8081-exec-8 DEBUG <==      Total: 2
2019-4-23 14:22:35 http-nio-8081-exec-10 DEBUG ==>  Preparing: select * from sec_menu where ID_='chai-wu-guan-li' limit 1 
2019-4-23 14:22:35 http-nio-8081-exec-10 DEBUG ==> Parameters: 
2019-4-23 14:22:35 http-nio-8081-exec-10 DEBUG <==      Total: 1
2019-4-23 14:22:35 http-nio-8081-exec-2 DEBUG ==>  Preparing: select ID_ id ,ORG_NAME name from sec_org where DELETED = 0 and state = 1 and type='Èó®ËØä' 
2019-4-23 14:22:35 http-nio-8081-exec-2 DEBUG ==> Parameters: 
2019-4-23 14:22:35 http-nio-8081-exec-1 DEBUG ==>  Preparing: select count(*) count,case when sum(s.sf_money) is null then 0 else sum(s.sf_money) end money from cust_sfjl s,customer c where s.cust_id=c.cust_id and s.deleted=0 and date_format(s.create_time,'%Y-%m-%d') >= ? and ? >= date_format(s.create_time,'%Y-%m-%d') 
2019-4-23 14:22:35 http-nio-8081-exec-1 DEBUG ==> Parameters: 2019-01-01(String), 2019-12-31(String)
2019-4-23 14:22:35 http-nio-8081-exec-1 DEBUG <==      Total: 1
2019-4-23 14:22:35 http-nio-8081-exec-1 DEBUG ==>  Preparing: select count(*) count,case when sum(s.sf_money - s.arrears) is null then 0 else sum(s.sf_money - s.arrears) end money from cust_sfjl s,customer c where s.cust_id=c.cust_id and s.deleted=0 and date_format(s.create_time,'%Y-%m-%d') >= ? and ? >= date_format(s.create_time,'%Y-%m-%d') 
2019-4-23 14:22:35 http-nio-8081-exec-1 DEBUG ==> Parameters: 2019-01-01(String), 2019-12-31(String)
2019-4-23 14:22:35 http-nio-8081-exec-1 DEBUG <==      Total: 1
2019-4-23 14:22:35 http-nio-8081-exec-2 DEBUG <==      Total: 2
2019-4-23 14:22:35 http-nio-8081-exec-2 DEBUG ==>  Preparing: select ID_ id, USER_NAME name,ORG_ID orgId from sec_user where DELETED = 0 and STANDBY1 = 'ÂåªÁîü' 
2019-4-23 14:22:35 http-nio-8081-exec-2 DEBUG ==> Parameters: 
2019-4-23 14:22:35 http-nio-8081-exec-2 DEBUG <==      Total: 10
2019-4-23 14:22:35 http-nio-8081-exec-3 DEBUG ==>  Preparing: SELECT count(0) FROM (SELECT s.*, c.cust_clinic, c.cust_remark FROM cust_sfjl s, customer c WHERE s.cust_id = c.cust_id AND s.deleted = 0 AND date_format(s.create_time, '%Y-%m-%d') >= ? AND ? >= date_format(s.create_time, '%Y-%m-%d')) t LEFT JOIN sec_user b ON t.cashier = b.ID_ LEFT JOIN sec_org so ON t.cust_clinic = so.ID_ LEFT JOIN (SELECT a.sf_id, a.record_type, a.bank FROM account_record a, (SELECT sf_id, count(sf_id) AS sf_num FROM `account_record` GROUP BY sf_id HAVING sf_num = 1) b WHERE a.sf_id = b.sf_id) temp ON temp.sf_id = t.sf_id 
2019-4-23 14:22:35 http-nio-8081-exec-3 DEBUG ==> Parameters: 2019-01-01(String), 2019-12-31(String)
2019-4-23 14:22:35 http-nio-8081-exec-3 DEBUG <==      Total: 1
2019-4-23 14:22:35 http-nio-8081-exec-3 DEBUG ==>  Preparing: select t.*,b.user_name,so.org_name,temp.record_type,temp.bank from ( select s.*,c.cust_clinic,c.cust_remark from cust_sfjl s,customer c where s.cust_id=c.cust_id and s.deleted=0 and date_format(s.create_time,'%Y-%m-%d') >= ? and ? >= date_format(s.create_time,'%Y-%m-%d') ) t left join sec_user b on t.cashier = b.ID_ left join sec_org so on t.cust_clinic = so.ID_ LEFT JOIN (SELECT a.sf_id,a.record_type,a.bank from account_record a,(select sf_id,count(sf_id) as sf_num FROM `account_record` GROUP BY sf_id HAVING sf_num =1)b where a.sf_id=b.sf_id) temp on temp.sf_id = t.sf_id order by t.create_time desc limit ?,? 
2019-4-23 14:22:35 http-nio-8081-exec-3 DEBUG ==> Parameters: 2019-01-01(String), 2019-12-31(String), 0(Integer), 10(Integer)
2019-4-23 14:22:35 http-nio-8081-exec-3 DEBUG <==      Total: 10
2019-4-23 14:22:39 http-nio-8081-exec-4 DEBUG ==>  Preparing: SELECT count(0) FROM (SELECT s.*, c.cust_clinic, c.cust_remark FROM cust_sfjl s, customer c WHERE s.cust_id = c.cust_id AND s.deleted = 0 AND date_format(s.create_time, '%Y-%m-%d') >= ? AND ? >= date_format(s.create_time, '%Y-%m-%d')) t LEFT JOIN sec_user b ON t.cashier = b.ID_ LEFT JOIN sec_org so ON t.cust_clinic = so.ID_ LEFT JOIN (SELECT a.sf_id, a.record_type, a.bank FROM account_record a, (SELECT sf_id, count(sf_id) AS sf_num FROM `account_record` GROUP BY sf_id HAVING sf_num = 1) b WHERE a.sf_id = b.sf_id) temp ON temp.sf_id = t.sf_id 
2019-4-23 14:22:39 http-nio-8081-exec-4 DEBUG ==> Parameters: 2019-01-01(String), 2019-12-31(String)
2019-4-23 14:22:39 http-nio-8081-exec-4 DEBUG <==      Total: 1
2019-4-23 14:22:39 http-nio-8081-exec-4 DEBUG ==>  Preparing: select t.*,b.user_name,so.org_name,temp.record_type,temp.bank from ( select s.*,c.cust_clinic,c.cust_remark from cust_sfjl s,customer c where s.cust_id=c.cust_id and s.deleted=0 and date_format(s.create_time,'%Y-%m-%d') >= ? and ? >= date_format(s.create_time,'%Y-%m-%d') ) t left join sec_user b on t.cashier = b.ID_ left join sec_org so on t.cust_clinic = so.ID_ LEFT JOIN (SELECT a.sf_id,a.record_type,a.bank from account_record a,(select sf_id,count(sf_id) as sf_num FROM `account_record` GROUP BY sf_id HAVING sf_num =1)b where a.sf_id=b.sf_id) temp on temp.sf_id = t.sf_id order by t.create_time desc limit ?,? 
2019-4-23 14:22:39 http-nio-8081-exec-4 DEBUG ==> Parameters: 2019-01-01(String), 2019-12-31(String), 10(Integer), 10(Integer)
2019-4-23 14:22:39 http-nio-8081-exec-4 DEBUG <==      Total: 10
2019-4-23 14:22:40 http-nio-8081-exec-6 DEBUG ==>  Preparing: SELECT count(0) FROM (SELECT s.*, c.cust_clinic, c.cust_remark FROM cust_sfjl s, customer c WHERE s.cust_id = c.cust_id AND s.deleted = 0 AND date_format(s.create_time, '%Y-%m-%d') >= ? AND ? >= date_format(s.create_time, '%Y-%m-%d')) t LEFT JOIN sec_user b ON t.cashier = b.ID_ LEFT JOIN sec_org so ON t.cust_clinic = so.ID_ LEFT JOIN (SELECT a.sf_id, a.record_type, a.bank FROM account_record a, (SELECT sf_id, count(sf_id) AS sf_num FROM `account_record` GROUP BY sf_id HAVING sf_num = 1) b WHERE a.sf_id = b.sf_id) temp ON temp.sf_id = t.sf_id 
2019-4-23 14:22:40 http-nio-8081-exec-6 DEBUG ==> Parameters: 2019-01-01(String), 2019-12-31(String)
2019-4-23 14:22:40 http-nio-8081-exec-6 DEBUG <==      Total: 1
2019-4-23 14:22:40 http-nio-8081-exec-6 DEBUG ==>  Preparing: select t.*,b.user_name,so.org_name,temp.record_type,temp.bank from ( select s.*,c.cust_clinic,c.cust_remark from cust_sfjl s,customer c where s.cust_id=c.cust_id and s.deleted=0 and date_format(s.create_time,'%Y-%m-%d') >= ? and ? >= date_format(s.create_time,'%Y-%m-%d') ) t left join sec_user b on t.cashier = b.ID_ left join sec_org so on t.cust_clinic = so.ID_ LEFT JOIN (SELECT a.sf_id,a.record_type,a.bank from account_record a,(select sf_id,count(sf_id) as sf_num FROM `account_record` GROUP BY sf_id HAVING sf_num =1)b where a.sf_id=b.sf_id) temp on temp.sf_id = t.sf_id order by t.create_time desc limit ?,? 
2019-4-23 14:22:40 http-nio-8081-exec-6 DEBUG ==> Parameters: 2019-01-01(String), 2019-12-31(String), 20(Integer), 10(Integer)
2019-4-23 14:22:40 http-nio-8081-exec-6 DEBUG <==      Total: 10
2019-4-23 14:22:42 http-nio-8081-exec-7 DEBUG ==>  Preparing: SELECT count(0) FROM (SELECT s.*, c.cust_clinic, c.cust_remark FROM cust_sfjl s, customer c WHERE s.cust_id = c.cust_id AND s.deleted = 0 AND date_format(s.create_time, '%Y-%m-%d') >= ? AND ? >= date_format(s.create_time, '%Y-%m-%d')) t LEFT JOIN sec_user b ON t.cashier = b.ID_ LEFT JOIN sec_org so ON t.cust_clinic = so.ID_ LEFT JOIN (SELECT a.sf_id, a.record_type, a.bank FROM account_record a, (SELECT sf_id, count(sf_id) AS sf_num FROM `account_record` GROUP BY sf_id HAVING sf_num = 1) b WHERE a.sf_id = b.sf_id) temp ON temp.sf_id = t.sf_id 
2019-4-23 14:22:42 http-nio-8081-exec-7 DEBUG ==> Parameters: 2019-01-01(String), 2019-12-31(String)
2019-4-23 14:22:42 http-nio-8081-exec-7 DEBUG <==      Total: 1
2019-4-23 14:22:42 http-nio-8081-exec-7 DEBUG ==>  Preparing: select t.*,b.user_name,so.org_name,temp.record_type,temp.bank from ( select s.*,c.cust_clinic,c.cust_remark from cust_sfjl s,customer c where s.cust_id=c.cust_id and s.deleted=0 and date_format(s.create_time,'%Y-%m-%d') >= ? and ? >= date_format(s.create_time,'%Y-%m-%d') ) t left join sec_user b on t.cashier = b.ID_ left join sec_org so on t.cust_clinic = so.ID_ LEFT JOIN (SELECT a.sf_id,a.record_type,a.bank from account_record a,(select sf_id,count(sf_id) as sf_num FROM `account_record` GROUP BY sf_id HAVING sf_num =1)b where a.sf_id=b.sf_id) temp on temp.sf_id = t.sf_id order by t.create_time desc limit ?,? 
2019-4-23 14:22:42 http-nio-8081-exec-7 DEBUG ==> Parameters: 2019-01-01(String), 2019-12-31(String), 30(Integer), 10(Integer)
2019-4-23 14:22:42 http-nio-8081-exec-7 DEBUG <==      Total: 10
2019-4-23 14:22:43 http-nio-8081-exec-5 DEBUG ==>  Preparing: SELECT count(0) FROM (SELECT s.*, c.cust_clinic, c.cust_remark FROM cust_sfjl s, customer c WHERE s.cust_id = c.cust_id AND s.deleted = 0 AND date_format(s.create_time, '%Y-%m-%d') >= ? AND ? >= date_format(s.create_time, '%Y-%m-%d')) t LEFT JOIN sec_user b ON t.cashier = b.ID_ LEFT JOIN sec_org so ON t.cust_clinic = so.ID_ LEFT JOIN (SELECT a.sf_id, a.record_type, a.bank FROM account_record a, (SELECT sf_id, count(sf_id) AS sf_num FROM `account_record` GROUP BY sf_id HAVING sf_num = 1) b WHERE a.sf_id = b.sf_id) temp ON temp.sf_id = t.sf_id 
2019-4-23 14:22:43 http-nio-8081-exec-5 DEBUG ==> Parameters: 2019-01-01(String), 2019-12-31(String)
2019-4-23 14:22:43 http-nio-8081-exec-5 DEBUG <==      Total: 1
2019-4-23 14:22:43 http-nio-8081-exec-5 DEBUG ==>  Preparing: select t.*,b.user_name,so.org_name,temp.record_type,temp.bank from ( select s.*,c.cust_clinic,c.cust_remark from cust_sfjl s,customer c where s.cust_id=c.cust_id and s.deleted=0 and date_format(s.create_time,'%Y-%m-%d') >= ? and ? >= date_format(s.create_time,'%Y-%m-%d') ) t left join sec_user b on t.cashier = b.ID_ left join sec_org so on t.cust_clinic = so.ID_ LEFT JOIN (SELECT a.sf_id,a.record_type,a.bank from account_record a,(select sf_id,count(sf_id) as sf_num FROM `account_record` GROUP BY sf_id HAVING sf_num =1)b where a.sf_id=b.sf_id) temp on temp.sf_id = t.sf_id order by t.create_time desc limit ?,? 
2019-4-23 14:22:43 http-nio-8081-exec-5 DEBUG ==> Parameters: 2019-01-01(String), 2019-12-31(String), 40(Integer), 10(Integer)
2019-4-23 14:22:43 http-nio-8081-exec-5 DEBUG <==      Total: 10
2019-4-23 14:22:45 http-nio-8081-exec-9 DEBUG ==>  Preparing: SELECT count(0) FROM (SELECT s.*, c.cust_clinic, c.cust_remark FROM cust_sfjl s, customer c WHERE s.cust_id = c.cust_id AND s.deleted = 0 AND date_format(s.create_time, '%Y-%m-%d') >= ? AND ? >= date_format(s.create_time, '%Y-%m-%d')) t LEFT JOIN sec_user b ON t.cashier = b.ID_ LEFT JOIN sec_org so ON t.cust_clinic = so.ID_ LEFT JOIN (SELECT a.sf_id, a.record_type, a.bank FROM account_record a, (SELECT sf_id, count(sf_id) AS sf_num FROM `account_record` GROUP BY sf_id HAVING sf_num = 1) b WHERE a.sf_id = b.sf_id) temp ON temp.sf_id = t.sf_id 
2019-4-23 14:22:45 http-nio-8081-exec-9 DEBUG ==> Parameters: 2019-01-01(String), 2019-12-31(String)
2019-4-23 14:22:45 http-nio-8081-exec-9 DEBUG <==      Total: 1
2019-4-23 14:22:45 http-nio-8081-exec-9 DEBUG ==>  Preparing: select t.*,b.user_name,so.org_name,temp.record_type,temp.bank from ( select s.*,c.cust_clinic,c.cust_remark from cust_sfjl s,customer c where s.cust_id=c.cust_id and s.deleted=0 and date_format(s.create_time,'%Y-%m-%d') >= ? and ? >= date_format(s.create_time,'%Y-%m-%d') ) t left join sec_user b on t.cashier = b.ID_ left join sec_org so on t.cust_clinic = so.ID_ LEFT JOIN (SELECT a.sf_id,a.record_type,a.bank from account_record a,(select sf_id,count(sf_id) as sf_num FROM `account_record` GROUP BY sf_id HAVING sf_num =1)b where a.sf_id=b.sf_id) temp on temp.sf_id = t.sf_id order by t.create_time desc limit ?,? 
2019-4-23 14:22:45 http-nio-8081-exec-9 DEBUG ==> Parameters: 2019-01-01(String), 2019-12-31(String), 50(Integer), 10(Integer)
2019-4-23 14:22:45 http-nio-8081-exec-9 DEBUG <==      Total: 7
2019-4-23 14:22:46 http-nio-8081-exec-8 DEBUG ==>  Preparing: SELECT count(0) FROM (SELECT s.*, c.cust_clinic, c.cust_remark FROM cust_sfjl s, customer c WHERE s.cust_id = c.cust_id AND s.deleted = 0 AND date_format(s.create_time, '%Y-%m-%d') >= ? AND ? >= date_format(s.create_time, '%Y-%m-%d')) t LEFT JOIN sec_user b ON t.cashier = b.ID_ LEFT JOIN sec_org so ON t.cust_clinic = so.ID_ LEFT JOIN (SELECT a.sf_id, a.record_type, a.bank FROM account_record a, (SELECT sf_id, count(sf_id) AS sf_num FROM `account_record` GROUP BY sf_id HAVING sf_num = 1) b WHERE a.sf_id = b.sf_id) temp ON temp.sf_id = t.sf_id 
2019-4-23 14:22:46 http-nio-8081-exec-8 DEBUG ==> Parameters: 2019-01-01(String), 2019-12-31(String)
2019-4-23 14:22:46 http-nio-8081-exec-8 DEBUG <==      Total: 1
2019-4-23 14:22:46 http-nio-8081-exec-8 DEBUG ==>  Preparing: select t.*,b.user_name,so.org_name,temp.record_type,temp.bank from ( select s.*,c.cust_clinic,c.cust_remark from cust_sfjl s,customer c where s.cust_id=c.cust_id and s.deleted=0 and date_format(s.create_time,'%Y-%m-%d') >= ? and ? >= date_format(s.create_time,'%Y-%m-%d') ) t left join sec_user b on t.cashier = b.ID_ left join sec_org so on t.cust_clinic = so.ID_ LEFT JOIN (SELECT a.sf_id,a.record_type,a.bank from account_record a,(select sf_id,count(sf_id) as sf_num FROM `account_record` GROUP BY sf_id HAVING sf_num =1)b where a.sf_id=b.sf_id) temp on temp.sf_id = t.sf_id order by t.create_time desc limit ?,? 
2019-4-23 14:22:46 http-nio-8081-exec-8 DEBUG ==> Parameters: 2019-01-01(String), 2019-12-31(String), 40(Integer), 10(Integer)
2019-4-23 14:22:46 http-nio-8081-exec-8 DEBUG <==      Total: 10
2019-4-23 14:22:47 http-nio-8081-exec-10 DEBUG ==>  Preparing: SELECT count(0) FROM (SELECT s.*, c.cust_clinic, c.cust_remark FROM cust_sfjl s, customer c WHERE s.cust_id = c.cust_id AND s.deleted = 0 AND date_format(s.create_time, '%Y-%m-%d') >= ? AND ? >= date_format(s.create_time, '%Y-%m-%d')) t LEFT JOIN sec_user b ON t.cashier = b.ID_ LEFT JOIN sec_org so ON t.cust_clinic = so.ID_ LEFT JOIN (SELECT a.sf_id, a.record_type, a.bank FROM account_record a, (SELECT sf_id, count(sf_id) AS sf_num FROM `account_record` GROUP BY sf_id HAVING sf_num = 1) b WHERE a.sf_id = b.sf_id) temp ON temp.sf_id = t.sf_id 
2019-4-23 14:22:47 http-nio-8081-exec-10 DEBUG ==> Parameters: 2019-01-01(String), 2019-12-31(String)
2019-4-23 14:22:47 http-nio-8081-exec-10 DEBUG <==      Total: 1
2019-4-23 14:22:47 http-nio-8081-exec-10 DEBUG ==>  Preparing: select t.*,b.user_name,so.org_name,temp.record_type,temp.bank from ( select s.*,c.cust_clinic,c.cust_remark from cust_sfjl s,customer c where s.cust_id=c.cust_id and s.deleted=0 and date_format(s.create_time,'%Y-%m-%d') >= ? and ? >= date_format(s.create_time,'%Y-%m-%d') ) t left join sec_user b on t.cashier = b.ID_ left join sec_org so on t.cust_clinic = so.ID_ LEFT JOIN (SELECT a.sf_id,a.record_type,a.bank from account_record a,(select sf_id,count(sf_id) as sf_num FROM `account_record` GROUP BY sf_id HAVING sf_num =1)b where a.sf_id=b.sf_id) temp on temp.sf_id = t.sf_id order by t.create_time desc limit ?,? 
2019-4-23 14:22:47 http-nio-8081-exec-10 DEBUG ==> Parameters: 2019-01-01(String), 2019-12-31(String), 30(Integer), 10(Integer)
2019-4-23 14:22:47 http-nio-8081-exec-10 DEBUG <==      Total: 10
2019-4-23 14:22:48 http-nio-8081-exec-1 DEBUG ==>  Preparing: SELECT count(0) FROM (SELECT s.*, c.cust_clinic, c.cust_remark FROM cust_sfjl s, customer c WHERE s.cust_id = c.cust_id AND s.deleted = 0 AND date_format(s.create_time, '%Y-%m-%d') >= ? AND ? >= date_format(s.create_time, '%Y-%m-%d')) t LEFT JOIN sec_user b ON t.cashier = b.ID_ LEFT JOIN sec_org so ON t.cust_clinic = so.ID_ LEFT JOIN (SELECT a.sf_id, a.record_type, a.bank FROM account_record a, (SELECT sf_id, count(sf_id) AS sf_num FROM `account_record` GROUP BY sf_id HAVING sf_num = 1) b WHERE a.sf_id = b.sf_id) temp ON temp.sf_id = t.sf_id 
2019-4-23 14:22:48 http-nio-8081-exec-1 DEBUG ==> Parameters: 2019-01-01(String), 2019-12-31(String)
2019-4-23 14:22:48 http-nio-8081-exec-1 DEBUG <==      Total: 1
2019-4-23 14:22:48 http-nio-8081-exec-1 DEBUG ==>  Preparing: select t.*,b.user_name,so.org_name,temp.record_type,temp.bank from ( select s.*,c.cust_clinic,c.cust_remark from cust_sfjl s,customer c where s.cust_id=c.cust_id and s.deleted=0 and date_format(s.create_time,'%Y-%m-%d') >= ? and ? >= date_format(s.create_time,'%Y-%m-%d') ) t left join sec_user b on t.cashier = b.ID_ left join sec_org so on t.cust_clinic = so.ID_ LEFT JOIN (SELECT a.sf_id,a.record_type,a.bank from account_record a,(select sf_id,count(sf_id) as sf_num FROM `account_record` GROUP BY sf_id HAVING sf_num =1)b where a.sf_id=b.sf_id) temp on temp.sf_id = t.sf_id order by t.create_time desc limit ?,? 
2019-4-23 14:22:48 http-nio-8081-exec-1 DEBUG ==> Parameters: 2019-01-01(String), 2019-12-31(String), 20(Integer), 10(Integer)
2019-4-23 14:22:48 http-nio-8081-exec-1 DEBUG <==      Total: 10
2019-4-23 14:22:51 http-nio-8081-exec-2 DEBUG ==>  Preparing: SELECT count(0) FROM account_record a, sec_user b WHERE a.sf_id = '7e19563e-bf41-4c0c-84b0-3396e5a4e6a7' AND a.user_id = b.ID_ 
2019-4-23 14:22:51 http-nio-8081-exec-2 DEBUG ==> Parameters: 
2019-4-23 14:22:51 http-nio-8081-exec-2 DEBUG <==      Total: 1
2019-4-23 14:22:51 http-nio-8081-exec-2 DEBUG ==>  Preparing: select a.*,b.user_name from account_record a,sec_user b where a.sf_id = '7e19563e-bf41-4c0c-84b0-3396e5a4e6a7' and a.user_id = b.ID_ order by a.create_time limit ?,? 
2019-4-23 14:22:51 http-nio-8081-exec-2 DEBUG ==> Parameters: 0(Integer), 10(Integer)
2019-4-23 14:22:51 http-nio-8081-exec-2 DEBUG <==      Total: 1
2019-4-23 14:23:48 http-nio-8081-exec-7 DEBUG ==>  Preparing: select count(*) count,case when sum(s.sf_money) is null then 0 else sum(s.sf_money) end money from cust_sfjl s,customer c where s.cust_id=c.cust_id and s.deleted=0 and date_format(s.create_time,'%Y-%m-%d') >= ? and ? >= date_format(s.create_time,'%Y-%m-%d') 
2019-4-23 14:23:48 http-nio-8081-exec-7 DEBUG ==> Parameters: 2019-01-01(String), 2019-12-31(String)
2019-4-23 14:23:48 http-nio-8081-exec-7 DEBUG <==      Total: 1
2019-4-23 14:23:48 http-nio-8081-exec-5 DEBUG ==>  Preparing: select ID_ id ,ORG_NAME name from sec_org where DELETED = 0 and state = 1 and type='Èó®ËØä' 
2019-4-23 14:23:48 http-nio-8081-exec-5 DEBUG ==> Parameters: 
2019-4-23 14:23:48 http-nio-8081-exec-7 DEBUG ==>  Preparing: select count(*) count,case when sum(s.sf_money - s.arrears) is null then 0 else sum(s.sf_money - s.arrears) end money from cust_sfjl s,customer c where s.cust_id=c.cust_id and s.deleted=0 and date_format(s.create_time,'%Y-%m-%d') >= ? and ? >= date_format(s.create_time,'%Y-%m-%d') 
2019-4-23 14:23:48 http-nio-8081-exec-7 DEBUG ==> Parameters: 2019-01-01(String), 2019-12-31(String)
2019-4-23 14:23:48 http-nio-8081-exec-5 DEBUG <==      Total: 2
2019-4-23 14:23:48 http-nio-8081-exec-7 DEBUG <==      Total: 1
2019-4-23 14:23:48 http-nio-8081-exec-5 DEBUG ==>  Preparing: select ID_ id, USER_NAME name,ORG_ID orgId from sec_user where DELETED = 0 and STANDBY1 = 'ÂåªÁîü' 
2019-4-23 14:23:48 http-nio-8081-exec-5 DEBUG ==> Parameters: 
2019-4-23 14:23:48 http-nio-8081-exec-5 DEBUG <==      Total: 10
2019-4-23 14:23:48 http-nio-8081-exec-9 DEBUG ==>  Preparing: SELECT count(0) FROM (SELECT s.*, c.cust_clinic, c.cust_remark FROM cust_sfjl s, customer c WHERE s.cust_id = c.cust_id AND s.deleted = 0 AND date_format(s.create_time, '%Y-%m-%d') >= ? AND ? >= date_format(s.create_time, '%Y-%m-%d')) t LEFT JOIN sec_user b ON t.cashier = b.ID_ LEFT JOIN sec_org so ON t.cust_clinic = so.ID_ LEFT JOIN (SELECT a.sf_id, a.record_type, a.bank FROM account_record a, (SELECT sf_id, count(sf_id) AS sf_num FROM `account_record` GROUP BY sf_id HAVING sf_num = 1) b WHERE a.sf_id = b.sf_id) temp ON temp.sf_id = t.sf_id 
2019-4-23 14:23:48 http-nio-8081-exec-9 DEBUG ==> Parameters: 2019-01-01(String), 2019-12-31(String)
2019-4-23 14:23:48 http-nio-8081-exec-9 DEBUG <==      Total: 1
2019-4-23 14:23:48 http-nio-8081-exec-9 DEBUG ==>  Preparing: select t.*,b.user_name,so.org_name,temp.record_type,temp.bank from ( select s.*,c.cust_clinic,c.cust_remark from cust_sfjl s,customer c where s.cust_id=c.cust_id and s.deleted=0 and date_format(s.create_time,'%Y-%m-%d') >= ? and ? >= date_format(s.create_time,'%Y-%m-%d') ) t left join sec_user b on t.cashier = b.ID_ left join sec_org so on t.cust_clinic = so.ID_ LEFT JOIN (SELECT a.sf_id,a.record_type,a.bank from account_record a,(select sf_id,count(sf_id) as sf_num FROM `account_record` GROUP BY sf_id HAVING sf_num =1)b where a.sf_id=b.sf_id) temp on temp.sf_id = t.sf_id order by t.create_time desc limit ?,? 
2019-4-23 14:23:48 http-nio-8081-exec-9 DEBUG ==> Parameters: 2019-01-01(String), 2019-12-31(String), 0(Integer), 10(Integer)
2019-4-23 14:23:48 http-nio-8081-exec-9 DEBUG <==      Total: 10
2019-4-23 14:23:57 http-nio-8081-exec-8 DEBUG ==>  Preparing: SELECT count(0) FROM account_record a, sec_user b WHERE a.sf_id = 'd922ca27-b557-4a57-81e4-80598f648bd2' AND a.user_id = b.ID_ 
2019-4-23 14:23:57 http-nio-8081-exec-8 DEBUG ==> Parameters: 
2019-4-23 14:23:57 http-nio-8081-exec-8 DEBUG <==      Total: 1
2019-4-23 14:23:57 http-nio-8081-exec-8 DEBUG ==>  Preparing: select a.*,b.user_name from account_record a,sec_user b where a.sf_id = 'd922ca27-b557-4a57-81e4-80598f648bd2' and a.user_id = b.ID_ order by a.create_time limit ?,? 
2019-4-23 14:23:57 http-nio-8081-exec-8 DEBUG ==> Parameters: 0(Integer), 10(Integer)
2019-4-23 14:23:57 http-nio-8081-exec-8 DEBUG <==      Total: 1
2019-4-23 14:24:01 http-nio-8081-exec-10 DEBUG ==>  Preparing: select * from cust_sfjl_de d where d.sfjl_id='d922ca27-b557-4a57-81e4-80598f648bd2' 
2019-4-23 14:24:01 http-nio-8081-exec-10 DEBUG ==> Parameters: 
2019-4-23 14:24:01 http-nio-8081-exec-10 DEBUG <==      Total: 1
2019-4-23 14:24:05 http-nio-8081-exec-1 DEBUG ==>  Preparing: SELECT count(0) FROM account_record a, sec_user b WHERE a.sf_id = 'd922ca27-b557-4a57-81e4-80598f648bd2' AND a.user_id = b.ID_ 
2019-4-23 14:24:05 http-nio-8081-exec-1 DEBUG ==> Parameters: 
2019-4-23 14:24:05 http-nio-8081-exec-1 DEBUG <==      Total: 1
2019-4-23 14:24:05 http-nio-8081-exec-1 DEBUG ==>  Preparing: select a.*,b.user_name from account_record a,sec_user b where a.sf_id = 'd922ca27-b557-4a57-81e4-80598f648bd2' and a.user_id = b.ID_ order by a.create_time limit ?,? 
2019-4-23 14:24:05 http-nio-8081-exec-1 DEBUG ==> Parameters: 0(Integer), 10(Integer)
2019-4-23 14:24:05 http-nio-8081-exec-1 DEBUG <==      Total: 1
2019-4-23 14:24:17 http-nio-8081-exec-2 DEBUG ==>  Preparing: SELECT count(0) FROM (SELECT s.*, c.cust_clinic, c.cust_remark FROM cust_sfjl s, customer c WHERE s.cust_id = c.cust_id AND s.deleted = 0 AND date_format(s.create_time, '%Y-%m-%d') >= ? AND ? >= date_format(s.create_time, '%Y-%m-%d')) t LEFT JOIN sec_user b ON t.cashier = b.ID_ LEFT JOIN sec_org so ON t.cust_clinic = so.ID_ LEFT JOIN (SELECT a.sf_id, a.record_type, a.bank FROM account_record a, (SELECT sf_id, count(sf_id) AS sf_num FROM `account_record` GROUP BY sf_id HAVING sf_num = 1) b WHERE a.sf_id = b.sf_id) temp ON temp.sf_id = t.sf_id 
2019-4-23 14:24:17 http-nio-8081-exec-2 DEBUG ==> Parameters: 2019-01-01(String), 2019-12-31(String)
2019-4-23 14:24:17 http-nio-8081-exec-2 DEBUG <==      Total: 1
2019-4-23 14:24:17 http-nio-8081-exec-2 DEBUG ==>  Preparing: select t.*,b.user_name,so.org_name,temp.record_type,temp.bank from ( select s.*,c.cust_clinic,c.cust_remark from cust_sfjl s,customer c where s.cust_id=c.cust_id and s.deleted=0 and date_format(s.create_time,'%Y-%m-%d') >= ? and ? >= date_format(s.create_time,'%Y-%m-%d') ) t left join sec_user b on t.cashier = b.ID_ left join sec_org so on t.cust_clinic = so.ID_ LEFT JOIN (SELECT a.sf_id,a.record_type,a.bank from account_record a,(select sf_id,count(sf_id) as sf_num FROM `account_record` GROUP BY sf_id HAVING sf_num =1)b where a.sf_id=b.sf_id) temp on temp.sf_id = t.sf_id order by t.create_time desc limit ?,? 
2019-4-23 14:24:17 http-nio-8081-exec-2 DEBUG ==> Parameters: 2019-01-01(String), 2019-12-31(String), 10(Integer), 10(Integer)
2019-4-23 14:24:17 http-nio-8081-exec-2 DEBUG <==      Total: 10
2019-4-23 14:24:19 http-nio-8081-exec-4 DEBUG ==>  Preparing: SELECT count(0) FROM (SELECT s.*, c.cust_clinic, c.cust_remark FROM cust_sfjl s, customer c WHERE s.cust_id = c.cust_id AND s.deleted = 0 AND date_format(s.create_time, '%Y-%m-%d') >= ? AND ? >= date_format(s.create_time, '%Y-%m-%d')) t LEFT JOIN sec_user b ON t.cashier = b.ID_ LEFT JOIN sec_org so ON t.cust_clinic = so.ID_ LEFT JOIN (SELECT a.sf_id, a.record_type, a.bank FROM account_record a, (SELECT sf_id, count(sf_id) AS sf_num FROM `account_record` GROUP BY sf_id HAVING sf_num = 1) b WHERE a.sf_id = b.sf_id) temp ON temp.sf_id = t.sf_id 
2019-4-23 14:24:19 http-nio-8081-exec-4 DEBUG ==> Parameters: 2019-01-01(String), 2019-12-31(String)
2019-4-23 14:24:19 http-nio-8081-exec-4 DEBUG <==      Total: 1
2019-4-23 14:24:19 http-nio-8081-exec-4 DEBUG ==>  Preparing: select t.*,b.user_name,so.org_name,temp.record_type,temp.bank from ( select s.*,c.cust_clinic,c.cust_remark from cust_sfjl s,customer c where s.cust_id=c.cust_id and s.deleted=0 and date_format(s.create_time,'%Y-%m-%d') >= ? and ? >= date_format(s.create_time,'%Y-%m-%d') ) t left join sec_user b on t.cashier = b.ID_ left join sec_org so on t.cust_clinic = so.ID_ LEFT JOIN (SELECT a.sf_id,a.record_type,a.bank from account_record a,(select sf_id,count(sf_id) as sf_num FROM `account_record` GROUP BY sf_id HAVING sf_num =1)b where a.sf_id=b.sf_id) temp on temp.sf_id = t.sf_id order by t.create_time desc limit ?,? 
2019-4-23 14:24:19 http-nio-8081-exec-4 DEBUG ==> Parameters: 2019-01-01(String), 2019-12-31(String), 20(Integer), 10(Integer)
2019-4-23 14:24:19 http-nio-8081-exec-4 DEBUG <==      Total: 10
2019-4-23 14:24:26 http-nio-8081-exec-3 DEBUG ==>  Preparing: SELECT count(0) FROM (SELECT s.*, c.cust_clinic, c.cust_remark FROM cust_sfjl s, customer c WHERE s.cust_id = c.cust_id AND s.deleted = 0 AND date_format(s.create_time, '%Y-%m-%d') >= ? AND ? >= date_format(s.create_time, '%Y-%m-%d')) t LEFT JOIN sec_user b ON t.cashier = b.ID_ LEFT JOIN sec_org so ON t.cust_clinic = so.ID_ LEFT JOIN (SELECT a.sf_id, a.record_type, a.bank FROM account_record a, (SELECT sf_id, count(sf_id) AS sf_num FROM `account_record` GROUP BY sf_id HAVING sf_num = 1) b WHERE a.sf_id = b.sf_id) temp ON temp.sf_id = t.sf_id 
2019-4-23 14:24:26 http-nio-8081-exec-3 DEBUG ==> Parameters: 2019-01-01(String), 2019-12-31(String)
2019-4-23 14:24:26 http-nio-8081-exec-3 DEBUG <==      Total: 1
2019-4-23 14:24:26 http-nio-8081-exec-3 DEBUG ==>  Preparing: select t.*,b.user_name,so.org_name,temp.record_type,temp.bank from ( select s.*,c.cust_clinic,c.cust_remark from cust_sfjl s,customer c where s.cust_id=c.cust_id and s.deleted=0 and date_format(s.create_time,'%Y-%m-%d') >= ? and ? >= date_format(s.create_time,'%Y-%m-%d') ) t left join sec_user b on t.cashier = b.ID_ left join sec_org so on t.cust_clinic = so.ID_ LEFT JOIN (SELECT a.sf_id,a.record_type,a.bank from account_record a,(select sf_id,count(sf_id) as sf_num FROM `account_record` GROUP BY sf_id HAVING sf_num =1)b where a.sf_id=b.sf_id) temp on temp.sf_id = t.sf_id order by t.create_time desc limit ?,? 
2019-4-23 14:24:26 http-nio-8081-exec-3 DEBUG ==> Parameters: 2019-01-01(String), 2019-12-31(String), 30(Integer), 10(Integer)
2019-4-23 14:24:26 http-nio-8081-exec-3 DEBUG <==      Total: 10
2019-4-23 14:24:27 http-nio-8081-exec-6 DEBUG ==>  Preparing: SELECT count(0) FROM (SELECT s.*, c.cust_clinic, c.cust_remark FROM cust_sfjl s, customer c WHERE s.cust_id = c.cust_id AND s.deleted = 0 AND date_format(s.create_time, '%Y-%m-%d') >= ? AND ? >= date_format(s.create_time, '%Y-%m-%d')) t LEFT JOIN sec_user b ON t.cashier = b.ID_ LEFT JOIN sec_org so ON t.cust_clinic = so.ID_ LEFT JOIN (SELECT a.sf_id, a.record_type, a.bank FROM account_record a, (SELECT sf_id, count(sf_id) AS sf_num FROM `account_record` GROUP BY sf_id HAVING sf_num = 1) b WHERE a.sf_id = b.sf_id) temp ON temp.sf_id = t.sf_id 
2019-4-23 14:24:27 http-nio-8081-exec-6 DEBUG ==> Parameters: 2019-01-01(String), 2019-12-31(String)
2019-4-23 14:24:27 http-nio-8081-exec-6 DEBUG <==      Total: 1
2019-4-23 14:24:27 http-nio-8081-exec-6 DEBUG ==>  Preparing: select t.*,b.user_name,so.org_name,temp.record_type,temp.bank from ( select s.*,c.cust_clinic,c.cust_remark from cust_sfjl s,customer c where s.cust_id=c.cust_id and s.deleted=0 and date_format(s.create_time,'%Y-%m-%d') >= ? and ? >= date_format(s.create_time,'%Y-%m-%d') ) t left join sec_user b on t.cashier = b.ID_ left join sec_org so on t.cust_clinic = so.ID_ LEFT JOIN (SELECT a.sf_id,a.record_type,a.bank from account_record a,(select sf_id,count(sf_id) as sf_num FROM `account_record` GROUP BY sf_id HAVING sf_num =1)b where a.sf_id=b.sf_id) temp on temp.sf_id = t.sf_id order by t.create_time desc limit ?,? 
2019-4-23 14:24:27 http-nio-8081-exec-6 DEBUG ==> Parameters: 2019-01-01(String), 2019-12-31(String), 40(Integer), 10(Integer)
2019-4-23 14:24:27 http-nio-8081-exec-6 DEBUG <==      Total: 10
2019-4-23 14:24:30 http-nio-8081-exec-7 DEBUG ==>  Preparing: SELECT count(0) FROM account_record a, sec_user b WHERE a.sf_id = '31f316b0-0b13-4433-b309-7e40c1008ad0' AND a.user_id = b.ID_ 
2019-4-23 14:24:30 http-nio-8081-exec-7 DEBUG ==> Parameters: 
2019-4-23 14:24:30 http-nio-8081-exec-7 DEBUG <==      Total: 1
2019-4-23 14:24:30 http-nio-8081-exec-7 DEBUG ==>  Preparing: select a.*,b.user_name from account_record a,sec_user b where a.sf_id = '31f316b0-0b13-4433-b309-7e40c1008ad0' and a.user_id = b.ID_ order by a.create_time limit ?,? 
2019-4-23 14:24:30 http-nio-8081-exec-7 DEBUG ==> Parameters: 0(Integer), 10(Integer)
2019-4-23 14:24:30 http-nio-8081-exec-7 DEBUG <==      Total: 2
2019-4-23 14:30:52 main INFO The following profiles are active: dev
2019-4-23 14:31:00 main DEBUG ==>  Preparing: SELECT * FROM sec_menu sm where deleted=0 AND sm.STANBY_ID1 = '2' ORDER BY SORT 
2019-4-23 14:31:00 main DEBUG ==> Parameters: 
2019-4-23 14:31:01 main DEBUG <==      Total: 48
2019-4-23 14:31:01 main INFO JedisPool◊¢»Î≥…π¶£°£°
2019-4-23 14:31:01 main INFO redisµÿ÷∑£∫localhost:6379
2019-4-23 14:31:14 main INFO Started BaseFrameApplicationTests in 27.386 seconds (JVM running for 29.36)
